<?xml version="1.0" encoding="UTF-8"?>
<!-- Generated by org.testng.reporters.JUnitXMLReporter -->
<testsuite ignored="0" hostname="DESKTOP-PDCTPH6" failures="0" tests="4" name="Default test" time="0.156" errors="0" timestamp="2024-12-03T18:36:50 IST">
  <testcase classname="basePackage.BaseClass" name="@BeforeClass browser_setup" time="-1.733231210277E9">
    <failure type="org.testng.TestNGException" message="
Parameter &amp;apos;browser&amp;apos; is required by BeforeClass on method browser_setup but has not been marked @Optional or defined
in C:\Users\Nidhi\AppData\Local\Temp\testng-eclipse--1520161226\testng-customsuite.xml">
      <![CDATA[org.testng.TestNGException: 
Parameter 'browser' is required by BeforeClass on method browser_setup but has not been marked @Optional or defined
in C:\Users\Nidhi\AppData\Local\Temp\testng-eclipse--1520161226\testng-customsuite.xml
at org.testng.internal.Parameters.createParams(Parameters.java:264)
at org.testng.internal.Parameters.createParametersForMethod(Parameters.java:352)
at org.testng.internal.Parameters.createParameters(Parameters.java:690)
at org.testng.internal.Parameters.createConfigurationParameters(Parameters.java:163)
at org.testng.internal.invokers.ConfigInvoker.invokeConfigurations(ConfigInvoker.java:313)
at org.testng.internal.invokers.TestMethodWorker.invokeBeforeClassMethods(TestMethodWorker.java:188)
at org.testng.internal.invokers.TestMethodWorker.run(TestMethodWorker.java:128)
at java.base/java.util.ArrayList.forEach(ArrayList.java:1511)
at org.testng.TestRunner.privateRun(TestRunner.java:739)
at org.testng.TestRunner.run(TestRunner.java:614)
at org.testng.SuiteRunner.runTest(SuiteRunner.java:421)
at org.testng.SuiteRunner.runSequentially(SuiteRunner.java:413)
at org.testng.SuiteRunner.privateRun(SuiteRunner.java:373)
at org.testng.SuiteRunner.run(SuiteRunner.java:312)
at org.testng.SuiteRunnerWorker.runSuite(SuiteRunnerWorker.java:52)
at org.testng.SuiteRunnerWorker.run(SuiteRunnerWorker.java:95)
at org.testng.TestNG.runSuitesSequentially(TestNG.java:1274)
at org.testng.TestNG.runSuitesLocally(TestNG.java:1208)
at org.testng.TestNG.runSuites(TestNG.java:1112)
at org.testng.TestNG.run(TestNG.java:1079)
at org.testng.remote.AbstractRemoteTestNG.run(AbstractRemoteTestNG.java:115)
at org.testng.remote.RemoteTestNG.initAndRun(RemoteTestNG.java:293)
at org.testng.remote.RemoteTestNG.main(RemoteTestNG.java:91)
]]>
    </failure>
  </testcase> <!-- @BeforeClass browser_setup -->
  <testcase classname="testCases.Place_order_credit_card" name="@AfterClass close_browser" time="0.0">
    <skipped/>
  </testcase> <!-- @AfterClass close_browser -->
  <testcase classname="basePackage.BaseClass" name="@AfterClass tearDown" time="0.0">
    <skipped/>
  </testcase> <!-- @AfterClass tearDown -->
  <testcase classname="testCases.Place_order_credit_card" name="addToCart" time="0.001">
    <skipped/>
  </testcase> <!-- addToCart -->
  <testcase classname="testCases.Place_order_credit_card" name="updateCart" time="0.0">
    <skipped/>
  </testcase> <!-- updateCart -->
  <testcase classname="testCases.Place_order_credit_card" name="fillAddressOnCheckoutPage" time="0.0">
    <skipped/>
  </testcase> <!-- fillAddressOnCheckoutPage -->
  <testcase classname="testCases.Place_order_credit_card" name="place_order" time="0.0">
    <skipped/>
  </testcase> <!-- place_order -->
</testsuite> <!-- Default test -->
