<?xml version="1.0" encoding="UTF-8"?>
<!-- Generated by org.testng.reporters.JUnitXMLReporter -->
<testsuite ignored="0" hostname="DESKTOP-PDCTPH6" failures="0" tests="6" name="Test" time="46.899" errors="0" timestamp="2024-10-04T18:03:05 IST">
  <testcase classname="testCases.TC_Login_test" name="login" time="2.237"/>
  <testcase classname="testCases.TC_Login_test" name="login_credentials" time="2.756"/>
  <testcase classname="testCases.Place_order_credit_card" name="addToCart" time="8.197"/>
  <testcase classname="testCases.Place_order_credit_card" name="updateCart" time="4.576"/>
  <testcase classname="testCases.Place_order_credit_card" name="fillAddressOnCheckoutPage" time="10.562"/>
  <testcase classname="testCases.Place_order_credit_card" name="place_order" time="4.484"/>
</testsuite> <!-- Test -->
