<?xml version="1.0" encoding="UTF-8"?>
<testng-results ignored="0" total="2" passed="2" failed="0" skipped="0">
  <reporter-output>
  </reporter-output>
  <suite started-at="2023-08-17T17:44:18 IST" name="Suite" finished-at="2023-08-17T17:44:31 IST" duration-ms="12974">
    <groups>
    </groups>
    <test started-at="2023-08-17T17:44:18 IST" name="Test" finished-at="2023-08-17T17:44:31 IST" duration-ms="12974">
      <class name="smoke_test_cases.Add_to_cart">
        <test-method signature="addToCart()[pri:0, instance:smoke_test_cases.Add_to_cart@5824a83d]" started-at="2023-08-17T17:44:18 IST" name="addToCart" finished-at="2023-08-17T17:44:26 IST" duration-ms="7566" status="PASS">
          <reporter-output>
          </reporter-output>
        </test-method> <!-- addToCart -->
      </class> <!-- smoke_test_cases.Add_to_cart -->
      <class name="smoke_test_cases.login_test">
        <test-method signature="login()[pri:0, instance:smoke_test_cases.login_test@6574a52c]" started-at="2023-08-17T17:44:26 IST" name="login" finished-at="2023-08-17T17:44:31 IST" duration-ms="5328" status="PASS">
          <reporter-output>
          </reporter-output>
        </test-method> <!-- login -->
      </class> <!-- smoke_test_cases.login_test -->
    </test> <!-- Test -->
  </suite> <!-- Suite -->
</testng-results>
